--- Copying files at Fri Sep  4 20:53:53 UTC 2015
/usr/share/jenkins/ref/init.groovy.d/tcp-slave-agent-port.groovy
 /usr/share/jenkins/ref/init.groovy.d/tcp-slave-agent-port.groovy -> init.groovy.d/tcp-slave-agent-port.groovy
copy init.groovy.d/tcp-slave-agent-port.groovy to JENKINS_HOME
--- Copying files at Fri Sep  4 20:57:43 UTC 2015
/usr/share/jenkins/ref/init.groovy.d/tcp-slave-agent-port.groovy
 /usr/share/jenkins/ref/init.groovy.d/tcp-slave-agent-port.groovy -> init.groovy.d/tcp-slave-agent-port.groovy
--- Copying files at Fri Sep  4 21:27:17 UTC 2015
/usr/share/jenkins/ref/init.groovy.d/tcp-slave-agent-port.groovy
 /usr/share/jenkins/ref/init.groovy.d/tcp-slave-agent-port.groovy -> init.groovy.d/tcp-slave-agent-port.groovy
--- Copying files at Fri Sep  4 22:48:17 UTC 2015
/usr/share/jenkins/ref/init.groovy.d/tcp-slave-agent-port.groovy
 /usr/share/jenkins/ref/init.groovy.d/tcp-slave-agent-port.groovy -> init.groovy.d/tcp-slave-agent-port.groovy
--- Copying files at Sat Sep  5 00:11:31 UTC 2015
/usr/share/jenkins/ref/init.groovy.d/tcp-slave-agent-port.groovy
 /usr/share/jenkins/ref/init.groovy.d/tcp-slave-agent-port.groovy -> init.groovy.d/tcp-slave-agent-port.groovy
--- Copying files at Sat Sep  5 00:13:01 UTC 2015
/usr/share/jenkins/ref/init.groovy.d/tcp-slave-agent-port.groovy
 /usr/share/jenkins/ref/init.groovy.d/tcp-slave-agent-port.groovy -> init.groovy.d/tcp-slave-agent-port.groovy
--- Copying files at Wed Sep  9 21:53:49 UTC 2015
/usr/share/jenkins/ref/init.groovy.d/tcp-slave-agent-port.groovy
 /usr/share/jenkins/ref/init.groovy.d/tcp-slave-agent-port.groovy -> init.groovy.d/tcp-slave-agent-port.groovy
--- Copying files at Wed Sep  9 22:07:37 UTC 2015
/usr/share/jenkins/ref/init.groovy.d/tcp-slave-agent-port.groovy
 /usr/share/jenkins/ref/init.groovy.d/tcp-slave-agent-port.groovy -> init.groovy.d/tcp-slave-agent-port.groovy
--- Copying files at Wed Sep  9 22:16:43 UTC 2015
/usr/share/jenkins/ref/init.groovy.d/tcp-slave-agent-port.groovy
 /usr/share/jenkins/ref/init.groovy.d/tcp-slave-agent-port.groovy -> init.groovy.d/tcp-slave-agent-port.groovy
--- Copying files at Wed Sep  9 22:24:11 UTC 2015
/usr/share/jenkins/ref/init.groovy.d/tcp-slave-agent-port.groovy
 /usr/share/jenkins/ref/init.groovy.d/tcp-slave-agent-port.groovy -> init.groovy.d/tcp-slave-agent-port.groovy
--- Copying files at Wed Sep  9 22:37:03 UTC 2015
/usr/share/jenkins/ref/init.groovy.d/tcp-slave-agent-port.groovy
 /usr/share/jenkins/ref/init.groovy.d/tcp-slave-agent-port.groovy -> init.groovy.d/tcp-slave-agent-port.groovy
--- Copying files at Thu Sep 10 12:51:13 UTC 2015
/usr/share/jenkins/ref/init.groovy.d/tcp-slave-agent-port.groovy
 /usr/share/jenkins/ref/init.groovy.d/tcp-slave-agent-port.groovy -> init.groovy.d/tcp-slave-agent-port.groovy
--- Copying files at Thu Sep 10 13:06:31 UTC 2015
/usr/share/jenkins/ref/init.groovy.d/tcp-slave-agent-port.groovy
 /usr/share/jenkins/ref/init.groovy.d/tcp-slave-agent-port.groovy -> init.groovy.d/tcp-slave-agent-port.groovy
--- Copying files at Thu Sep 10 13:09:25 UTC 2015
/usr/share/jenkins/ref/init.groovy.d/tcp-slave-agent-port.groovy
 /usr/share/jenkins/ref/init.groovy.d/tcp-slave-agent-port.groovy -> init.groovy.d/tcp-slave-agent-port.groovy
--- Copying files at Thu Sep 10 13:29:23 UTC 2015
/usr/share/jenkins/ref/init.groovy.d/tcp-slave-agent-port.groovy
 /usr/share/jenkins/ref/init.groovy.d/tcp-slave-agent-port.groovy -> init.groovy.d/tcp-slave-agent-port.groovy
--- Copying files at Thu Sep 10 13:41:41 UTC 2015
/usr/share/jenkins/ref/init.groovy.d/tcp-slave-agent-port.groovy
 /usr/share/jenkins/ref/init.groovy.d/tcp-slave-agent-port.groovy -> init.groovy.d/tcp-slave-agent-port.groovy
--- Copying files at Thu Sep 10 14:30:15 UTC 2015
/usr/share/jenkins/ref/init.groovy.d/tcp-slave-agent-port.groovy
 /usr/share/jenkins/ref/init.groovy.d/tcp-slave-agent-port.groovy -> init.groovy.d/tcp-slave-agent-port.groovy
--- Copying files at Thu Sep 10 15:17:04 UTC 2015
/usr/share/jenkins/ref/init.groovy.d/tcp-slave-agent-port.groovy
 /usr/share/jenkins/ref/init.groovy.d/tcp-slave-agent-port.groovy -> init.groovy.d/tcp-slave-agent-port.groovy
--- Copying files at Thu Sep 10 15:23:56 UTC 2015
/usr/share/jenkins/ref/init.groovy.d/tcp-slave-agent-port.groovy
 /usr/share/jenkins/ref/init.groovy.d/tcp-slave-agent-port.groovy -> init.groovy.d/tcp-slave-agent-port.groovy
--- Copying files at Thu Sep 10 15:56:38 UTC 2015
/usr/share/jenkins/ref/init.groovy.d/tcp-slave-agent-port.groovy
 /usr/share/jenkins/ref/init.groovy.d/tcp-slave-agent-port.groovy -> init.groovy.d/tcp-slave-agent-port.groovy
--- Copying files at Thu Sep 10 16:01:26 UTC 2015
/usr/share/jenkins/ref/init.groovy.d/tcp-slave-agent-port.groovy
 /usr/share/jenkins/ref/init.groovy.d/tcp-slave-agent-port.groovy -> init.groovy.d/tcp-slave-agent-port.groovy
--- Copying files at Thu Sep 10 16:13:12 UTC 2015
/usr/share/jenkins/ref/init.groovy.d/tcp-slave-agent-port.groovy
 /usr/share/jenkins/ref/init.groovy.d/tcp-slave-agent-port.groovy -> init.groovy.d/tcp-slave-agent-port.groovy
--- Copying files at Thu Sep 10 16:32:24 UTC 2015
/usr/share/jenkins/ref/init.groovy.d/tcp-slave-agent-port.groovy
 /usr/share/jenkins/ref/init.groovy.d/tcp-slave-agent-port.groovy -> init.groovy.d/tcp-slave-agent-port.groovy
--- Copying files at Thu Sep 10 16:42:38 UTC 2015
/usr/share/jenkins/ref/init.groovy.d/tcp-slave-agent-port.groovy
 /usr/share/jenkins/ref/init.groovy.d/tcp-slave-agent-port.groovy -> init.groovy.d/tcp-slave-agent-port.groovy
--- Copying files at Thu Sep 10 17:56:14 UTC 2015
/usr/share/jenkins/ref/init.groovy.d/tcp-slave-agent-port.groovy
 /usr/share/jenkins/ref/init.groovy.d/tcp-slave-agent-port.groovy -> init.groovy.d/tcp-slave-agent-port.groovy
--- Copying files at Thu Sep 10 18:07:42 UTC 2015
/usr/share/jenkins/ref/init.groovy.d/tcp-slave-agent-port.groovy
 /usr/share/jenkins/ref/init.groovy.d/tcp-slave-agent-port.groovy -> init.groovy.d/tcp-slave-agent-port.groovy
--- Copying files at Thu Sep 10 18:54:04 UTC 2015
/usr/share/jenkins/ref/init.groovy.d/tcp-slave-agent-port.groovy
 /usr/share/jenkins/ref/init.groovy.d/tcp-slave-agent-port.groovy -> init.groovy.d/tcp-slave-agent-port.groovy
--- Copying files at Thu Sep 10 19:51:23 UTC 2015
/usr/share/jenkins/ref/init.groovy.d/tcp-slave-agent-port.groovy
 /usr/share/jenkins/ref/init.groovy.d/tcp-slave-agent-port.groovy -> init.groovy.d/tcp-slave-agent-port.groovy
